[0.170s] DEBUG:colcon:Command line arguments: ['/usr/bin/colcon', 'build', '--symlink-install']
[0.170s] DEBUG:colcon:Parsed command line arguments: Namespace(log_base=None, log_level=None, verb_name='build', build_base='build', install_base='install', merge_install=False, symlink_install=True, test_result_base=None, continue_on_error=False, executor='parallel', parallel_workers=8, event_handlers=None, ignore_user_meta=False, metas=['./colcon.meta'], base_paths=['.'], packages_ignore=None, packages_ignore_regex=None, paths=None, packages_up_to=None, packages_up_to_regex=None, packages_above=None, packages_above_and_dependencies=None, packages_above_depth=None, packages_select_by_dep=None, packages_skip_by_dep=None, packages_skip_up_to=None, packages_select_build_failed=False, packages_skip_build_finished=False, packages_select_test_failures=False, packages_skip_test_passed=False, packages_select=None, packages_skip=None, packages_select_regex=None, packages_skip_regex=None, packages_start=None, packages_end=None, allow_overriding=[], cmake_args=None, cmake_target=None, cmake_target_skip_unavailable=False, cmake_clean_cache=False, cmake_clean_first=False, cmake_force_configure=False, ament_cmake_args=None, catkin_cmake_args=None, catkin_skip_building_tests=False, verb_parser=<colcon_defaults.argument_parser.defaults.DefaultArgumentsDecorator object at 0x7fdebbc90f10>, verb_extension=<colcon_core.verb.build.BuildVerb object at 0x7fdebbd85b40>, main=<bound method BuildVerb.main of <colcon_core.verb.build.BuildVerb object at 0x7fdebbd85b40>>)
[0.328s] Level 1:colcon.colcon_core.package_discovery:discover_packages(colcon_meta) check parameters
[0.328s] Level 1:colcon.colcon_core.package_discovery:discover_packages(recursive) check parameters
[0.328s] Level 1:colcon.colcon_core.package_discovery:discover_packages(ignore) check parameters
[0.328s] Level 1:colcon.colcon_core.package_discovery:discover_packages(path) check parameters
[0.328s] Level 1:colcon.colcon_core.package_discovery:discover_packages(colcon_meta) discover
[0.328s] Level 1:colcon.colcon_core.package_discovery:discover_packages(recursive) discover
[0.328s] INFO:colcon.colcon_core.package_discovery:Crawling recursively for packages in '/home/logan/ten_ws'
[0.328s] Level 1:colcon.colcon_core.package_identification:_identify(.) by extensions ['ignore', 'ignore_ament_install']
[0.328s] Level 1:colcon.colcon_core.package_identification:_identify(.) by extension 'ignore'
[0.328s] Level 1:colcon.colcon_core.package_identification:_identify(.) by extension 'ignore_ament_install'
[0.328s] Level 1:colcon.colcon_core.package_identification:_identify(.) by extensions ['colcon_pkg']
[0.328s] Level 1:colcon.colcon_core.package_identification:_identify(.) by extension 'colcon_pkg'
[0.328s] Level 1:colcon.colcon_core.package_identification:_identify(.) by extensions ['colcon_meta']
[0.328s] Level 1:colcon.colcon_core.package_identification:_identify(.) by extension 'colcon_meta'
[0.329s] Level 1:colcon.colcon_core.package_identification:_identify(.) by extensions ['ros']
[0.329s] Level 1:colcon.colcon_core.package_identification:_identify(.) by extension 'ros'
[0.338s] Level 1:colcon.colcon_core.package_identification:_identify(.) by extensions ['cmake', 'python']
[0.339s] Level 1:colcon.colcon_core.package_identification:_identify(.) by extension 'cmake'
[0.339s] Level 1:colcon.colcon_core.package_identification:_identify(.) by extension 'python'
[0.339s] Level 1:colcon.colcon_core.package_identification:_identify(.) by extensions ['python_setup_py']
[0.339s] Level 1:colcon.colcon_core.package_identification:_identify(.) by extension 'python_setup_py'
[0.339s] Level 1:colcon.colcon_core.package_identification:_identify(build) by extensions ['ignore', 'ignore_ament_install']
[0.339s] Level 1:colcon.colcon_core.package_identification:_identify(build) by extension 'ignore'
[0.339s] Level 1:colcon.colcon_core.package_identification:_identify(build) ignored
[0.339s] Level 1:colcon.colcon_core.package_identification:_identify(install) by extensions ['ignore', 'ignore_ament_install']
[0.339s] Level 1:colcon.colcon_core.package_identification:_identify(install) by extension 'ignore'
[0.339s] Level 1:colcon.colcon_core.package_identification:_identify(install) ignored
[0.340s] Level 1:colcon.colcon_core.package_identification:_identify(log) by extensions ['ignore', 'ignore_ament_install']
[0.340s] Level 1:colcon.colcon_core.package_identification:_identify(log) by extension 'ignore'
[0.340s] Level 1:colcon.colcon_core.package_identification:_identify(log) ignored
[0.340s] Level 1:colcon.colcon_core.package_identification:_identify(src) by extensions ['ignore', 'ignore_ament_install']
[0.340s] Level 1:colcon.colcon_core.package_identification:_identify(src) by extension 'ignore'
[0.340s] Level 1:colcon.colcon_core.package_identification:_identify(src) by extension 'ignore_ament_install'
[0.340s] Level 1:colcon.colcon_core.package_identification:_identify(src) by extensions ['colcon_pkg']
[0.340s] Level 1:colcon.colcon_core.package_identification:_identify(src) by extension 'colcon_pkg'
[0.340s] Level 1:colcon.colcon_core.package_identification:_identify(src) by extensions ['colcon_meta']
[0.340s] Level 1:colcon.colcon_core.package_identification:_identify(src) by extension 'colcon_meta'
[0.340s] Level 1:colcon.colcon_core.package_identification:_identify(src) by extensions ['ros']
[0.340s] Level 1:colcon.colcon_core.package_identification:_identify(src) by extension 'ros'
[0.340s] Level 1:colcon.colcon_core.package_identification:_identify(src) by extensions ['cmake', 'python']
[0.340s] Level 1:colcon.colcon_core.package_identification:_identify(src) by extension 'cmake'
[0.340s] Level 1:colcon.colcon_core.package_identification:_identify(src) by extension 'python'
[0.340s] Level 1:colcon.colcon_core.package_identification:_identify(src) by extensions ['python_setup_py']
[0.340s] Level 1:colcon.colcon_core.package_identification:_identify(src) by extension 'python_setup_py'
[0.341s] Level 1:colcon.colcon_core.package_identification:_identify(src/pubsub) by extensions ['ignore', 'ignore_ament_install']
[0.341s] Level 1:colcon.colcon_core.package_identification:_identify(src/pubsub) by extension 'ignore'
[0.341s] Level 1:colcon.colcon_core.package_identification:_identify(src/pubsub) by extension 'ignore_ament_install'
[0.341s] Level 1:colcon.colcon_core.package_identification:_identify(src/pubsub) by extensions ['colcon_pkg']
[0.341s] Level 1:colcon.colcon_core.package_identification:_identify(src/pubsub) by extension 'colcon_pkg'
[0.341s] Level 1:colcon.colcon_core.package_identification:_identify(src/pubsub) by extensions ['colcon_meta']
[0.341s] Level 1:colcon.colcon_core.package_identification:_identify(src/pubsub) by extension 'colcon_meta'
[0.341s] Level 1:colcon.colcon_core.package_identification:_identify(src/pubsub) by extensions ['ros']
[0.341s] Level 1:colcon.colcon_core.package_identification:_identify(src/pubsub) by extension 'ros'
[0.343s] DEBUG:colcon.colcon_core.package_identification:Package 'src/pubsub' with type 'ros.ament_python' and name 'pubsub'
[0.343s] Level 1:colcon.colcon_core.package_identification:_identify(src/turtle_follower) by extensions ['ignore', 'ignore_ament_install']
[0.343s] Level 1:colcon.colcon_core.package_identification:_identify(src/turtle_follower) by extension 'ignore'
[0.343s] Level 1:colcon.colcon_core.package_identification:_identify(src/turtle_follower) by extension 'ignore_ament_install'
[0.344s] Level 1:colcon.colcon_core.package_identification:_identify(src/turtle_follower) by extensions ['colcon_pkg']
[0.344s] Level 1:colcon.colcon_core.package_identification:_identify(src/turtle_follower) by extension 'colcon_pkg'
[0.344s] Level 1:colcon.colcon_core.package_identification:_identify(src/turtle_follower) by extensions ['colcon_meta']
[0.344s] Level 1:colcon.colcon_core.package_identification:_identify(src/turtle_follower) by extension 'colcon_meta'
[0.344s] Level 1:colcon.colcon_core.package_identification:_identify(src/turtle_follower) by extensions ['ros']
[0.344s] Level 1:colcon.colcon_core.package_identification:_identify(src/turtle_follower) by extension 'ros'
[0.344s] DEBUG:colcon.colcon_core.package_identification:Package 'src/turtle_follower' with type 'ros.ament_python' and name 'turtle_follower'
[0.344s] Level 1:colcon.colcon_core.package_discovery:discover_packages(recursive) using defaults
[0.344s] Level 1:colcon.colcon_core.package_discovery:discover_packages(ignore) discover
[0.344s] Level 1:colcon.colcon_core.package_discovery:discover_packages(ignore) using defaults
[0.344s] Level 1:colcon.colcon_core.package_discovery:discover_packages(path) discover
[0.344s] Level 1:colcon.colcon_core.package_discovery:discover_packages(path) using defaults
[0.363s] Level 1:colcon.colcon_core.package_discovery:discover_packages(prefix_path) check parameters
[0.363s] Level 1:colcon.colcon_core.package_discovery:discover_packages(prefix_path) discover
[0.365s] DEBUG:colcon.colcon_installed_package_information.package_discovery:Found 2 installed packages in /home/logan/ten_ws/install
[0.375s] DEBUG:colcon.colcon_installed_package_information.package_discovery:Found 284 installed packages in /opt/ros/humble
[0.376s] Level 1:colcon.colcon_core.package_discovery:discover_packages(prefix_path) using defaults
[0.410s] Level 5:colcon.colcon_core.verb:set package 'pubsub' build argument 'cmake_args' from command line to 'None'
[0.411s] Level 5:colcon.colcon_core.verb:set package 'pubsub' build argument 'cmake_target' from command line to 'None'
[0.411s] Level 5:colcon.colcon_core.verb:set package 'pubsub' build argument 'cmake_target_skip_unavailable' from command line to 'False'
[0.411s] Level 5:colcon.colcon_core.verb:set package 'pubsub' build argument 'cmake_clean_cache' from command line to 'False'
[0.411s] Level 5:colcon.colcon_core.verb:set package 'pubsub' build argument 'cmake_clean_first' from command line to 'False'
[0.411s] Level 5:colcon.colcon_core.verb:set package 'pubsub' build argument 'cmake_force_configure' from command line to 'False'
[0.411s] Level 5:colcon.colcon_core.verb:set package 'pubsub' build argument 'ament_cmake_args' from command line to 'None'
[0.411s] Level 5:colcon.colcon_core.verb:set package 'pubsub' build argument 'catkin_cmake_args' from command line to 'None'
[0.411s] Level 5:colcon.colcon_core.verb:set package 'pubsub' build argument 'catkin_skip_building_tests' from command line to 'False'
[0.411s] DEBUG:colcon.colcon_core.verb:Building package 'pubsub' with the following arguments: {'ament_cmake_args': None, 'build_base': '/home/logan/ten_ws/build/pubsub', 'catkin_cmake_args': None, 'catkin_skip_building_tests': False, 'cmake_args': None, 'cmake_clean_cache': False, 'cmake_clean_first': False, 'cmake_force_configure': False, 'cmake_target': None, 'cmake_target_skip_unavailable': False, 'install_base': '/home/logan/ten_ws/install/pubsub', 'merge_install': False, 'path': '/home/logan/ten_ws/src/pubsub', 'symlink_install': True, 'test_result_base': None}
[0.411s] Level 5:colcon.colcon_core.verb:set package 'turtle_follower' build argument 'cmake_args' from command line to 'None'
[0.411s] Level 5:colcon.colcon_core.verb:set package 'turtle_follower' build argument 'cmake_target' from command line to 'None'
[0.411s] Level 5:colcon.colcon_core.verb:set package 'turtle_follower' build argument 'cmake_target_skip_unavailable' from command line to 'False'
[0.411s] Level 5:colcon.colcon_core.verb:set package 'turtle_follower' build argument 'cmake_clean_cache' from command line to 'False'
[0.411s] Level 5:colcon.colcon_core.verb:set package 'turtle_follower' build argument 'cmake_clean_first' from command line to 'False'
[0.411s] Level 5:colcon.colcon_core.verb:set package 'turtle_follower' build argument 'cmake_force_configure' from command line to 'False'
[0.411s] Level 5:colcon.colcon_core.verb:set package 'turtle_follower' build argument 'ament_cmake_args' from command line to 'None'
[0.411s] Level 5:colcon.colcon_core.verb:set package 'turtle_follower' build argument 'catkin_cmake_args' from command line to 'None'
[0.411s] Level 5:colcon.colcon_core.verb:set package 'turtle_follower' build argument 'catkin_skip_building_tests' from command line to 'False'
[0.411s] DEBUG:colcon.colcon_core.verb:Building package 'turtle_follower' with the following arguments: {'ament_cmake_args': None, 'build_base': '/home/logan/ten_ws/build/turtle_follower', 'catkin_cmake_args': None, 'catkin_skip_building_tests': False, 'cmake_args': None, 'cmake_clean_cache': False, 'cmake_clean_first': False, 'cmake_force_configure': False, 'cmake_target': None, 'cmake_target_skip_unavailable': False, 'install_base': '/home/logan/ten_ws/install/turtle_follower', 'merge_install': False, 'path': '/home/logan/ten_ws/src/turtle_follower', 'symlink_install': True, 'test_result_base': None}
[0.411s] INFO:colcon.colcon_core.executor:Executing jobs using 'parallel' executor
[0.413s] DEBUG:colcon.colcon_parallel_executor.executor.parallel:run_until_complete
[0.414s] INFO:colcon.colcon_ros.task.ament_python.build:Building ROS package in '/home/logan/ten_ws/src/pubsub' with build type 'ament_python'
[0.414s] Level 1:colcon.colcon_core.shell:create_environment_hook('pubsub', 'ament_prefix_path')
[0.417s] INFO:colcon.colcon_core.plugin_system:Skipping extension 'colcon_core.shell.bat': Not used on non-Windows systems
[0.417s] INFO:colcon.colcon_core.shell:Creating environment hook '/home/logan/ten_ws/install/pubsub/share/pubsub/hook/ament_prefix_path.ps1'
[0.418s] INFO:colcon.colcon_core.shell:Creating environment descriptor '/home/logan/ten_ws/install/pubsub/share/pubsub/hook/ament_prefix_path.dsv'
[0.418s] INFO:colcon.colcon_core.shell:Creating environment hook '/home/logan/ten_ws/install/pubsub/share/pubsub/hook/ament_prefix_path.sh'
[0.419s] INFO:colcon.colcon_core.shell:Skip shell extension 'powershell' for command environment: Not usable outside of PowerShell
[0.419s] DEBUG:colcon.colcon_core.shell:Skip shell extension 'dsv' for command environment
[0.422s] INFO:colcon.colcon_ros.task.ament_python.build:Building ROS package in '/home/logan/ten_ws/src/turtle_follower' with build type 'ament_python'
[0.422s] Level 1:colcon.colcon_core.shell:create_environment_hook('turtle_follower', 'ament_prefix_path')
[0.423s] INFO:colcon.colcon_core.shell:Creating environment hook '/home/logan/ten_ws/install/turtle_follower/share/turtle_follower/hook/ament_prefix_path.ps1'
[0.425s] INFO:colcon.colcon_core.shell:Creating environment descriptor '/home/logan/ten_ws/install/turtle_follower/share/turtle_follower/hook/ament_prefix_path.dsv'
[0.425s] INFO:colcon.colcon_core.shell:Creating environment hook '/home/logan/ten_ws/install/turtle_follower/share/turtle_follower/hook/ament_prefix_path.sh'
[0.426s] INFO:colcon.colcon_core.shell:Skip shell extension 'powershell' for command environment: Not usable outside of PowerShell
[0.426s] DEBUG:colcon.colcon_core.shell:Skip shell extension 'dsv' for command environment
[0.669s] INFO:colcon.colcon_core.task.python.build:Building Python package in '/home/logan/ten_ws/src/pubsub'
[0.669s] INFO:colcon.colcon_core.shell:Skip shell extension 'powershell' for command environment: Not usable outside of PowerShell
[0.670s] DEBUG:colcon.colcon_core.shell:Skip shell extension 'dsv' for command environment
[0.916s] INFO:colcon.colcon_core.task.python.build:Building Python package in '/home/logan/ten_ws/src/turtle_follower'
[0.917s] INFO:colcon.colcon_core.shell:Skip shell extension 'powershell' for command environment: Not usable outside of PowerShell
[0.917s] DEBUG:colcon.colcon_core.shell:Skip shell extension 'dsv' for command environment
[1.311s] DEBUG:colcon.colcon_core.task.python.build:While undoing a previous installation files outside the Python library path are being ignored: /home/logan/ten_ws/install/pubsub/share/ament_index/resource_index/packages/pubsub
[1.311s] DEBUG:colcon.colcon_core.task.python.build:While undoing a previous installation files outside the Python library path are being ignored: /home/logan/ten_ws/install/pubsub/share/pubsub/package.xml
[1.312s] DEBUG:colcon.colcon_core.task.python.build:While undoing a previous installation files outside the Python library path are being ignored: /home/logan/ten_ws/install/pubsub/lib/pubsub/listener
[1.312s] DEBUG:colcon.colcon_core.task.python.build:While undoing a previous installation files outside the Python library path are being ignored: /home/logan/ten_ws/install/pubsub/lib/pubsub/talker
[1.320s] DEBUG:colcon.colcon_core.event_handler.log_command:Invoking command in '/home/logan/ten_ws/build/pubsub': PYTHONPATH=/home/logan/ten_ws/build/pubsub/prefix_override:/usr/lib/python3/dist-packages/colcon_core/task/python/colcon_distutils_commands:/home/logan/ten_ws/install/pubsub/lib/python3.10/site-packages:${PYTHONPATH} /usr/bin/python3 -W ignore:setup.py install is deprecated setup.py develop --editable --build-directory /home/logan/ten_ws/build/pubsub/build --no-deps symlink_data --force
[1.322s] DEBUG:colcon.colcon_core.task.python.build:While undoing a previous installation files outside the Python library path are being ignored: /home/logan/ten_ws/install/turtle_follower/share/ament_index/resource_index/packages/turtle_follower
[1.323s] DEBUG:colcon.colcon_core.task.python.build:While undoing a previous installation files outside the Python library path are being ignored: /home/logan/ten_ws/install/turtle_follower/share/turtle_follower/package.xml
[1.323s] DEBUG:colcon.colcon_core.task.python.build:While undoing a previous installation files outside the Python library path are being ignored: /home/logan/ten_ws/install/turtle_follower/lib/turtle_follower/mover
[1.327s] DEBUG:colcon.colcon_core.event_handler.log_command:Invoking command in '/home/logan/ten_ws/build/turtle_follower': PYTHONPATH=/home/logan/ten_ws/build/turtle_follower/prefix_override:/usr/lib/python3/dist-packages/colcon_core/task/python/colcon_distutils_commands:/home/logan/ten_ws/install/turtle_follower/lib/python3.10/site-packages:${PYTHONPATH} /usr/bin/python3 -W ignore:setup.py install is deprecated setup.py develop --editable --build-directory /home/logan/ten_ws/build/turtle_follower/build --no-deps symlink_data --force
[1.770s] Level 1:colcon.colcon_core.shell:create_environment_hook('pubsub', 'pythonpath_develop')
[1.771s] INFO:colcon.colcon_core.shell:Creating environment hook '/home/logan/ten_ws/build/pubsub/share/pubsub/hook/pythonpath_develop.ps1'
[1.772s] DEBUG:colcon.colcon_core.event_handler.log_command:Invoked command in '/home/logan/ten_ws/build/pubsub' returned '0': PYTHONPATH=/home/logan/ten_ws/build/pubsub/prefix_override:/usr/lib/python3/dist-packages/colcon_core/task/python/colcon_distutils_commands:/home/logan/ten_ws/install/pubsub/lib/python3.10/site-packages:${PYTHONPATH} /usr/bin/python3 -W ignore:setup.py install is deprecated setup.py develop --editable --build-directory /home/logan/ten_ws/build/pubsub/build --no-deps symlink_data --force
[1.772s] INFO:colcon.colcon_core.shell:Creating environment descriptor '/home/logan/ten_ws/build/pubsub/share/pubsub/hook/pythonpath_develop.dsv'
[1.773s] INFO:colcon.colcon_core.shell:Creating environment hook '/home/logan/ten_ws/build/pubsub/share/pubsub/hook/pythonpath_develop.sh'
[1.777s] Level 1:colcon.colcon_core.environment:checking '/home/logan/ten_ws/install/pubsub' for CMake module files
[1.778s] Level 1:colcon.colcon_core.environment:checking '/home/logan/ten_ws/install/pubsub' for CMake config files
[1.779s] Level 1:colcon.colcon_core.environment:checking '/home/logan/ten_ws/install/pubsub/lib'
[1.779s] Level 1:colcon.colcon_core.environment:checking '/home/logan/ten_ws/install/pubsub/bin'
[1.779s] Level 1:colcon.colcon_core.environment:checking '/home/logan/ten_ws/install/pubsub/lib/pkgconfig/pubsub.pc'
[1.779s] Level 1:colcon.colcon_core.environment:checking '/home/logan/ten_ws/install/pubsub/lib/python3.10/site-packages'
[1.779s] Level 1:colcon.colcon_core.shell:create_environment_hook('pubsub', 'pythonpath')
[1.780s] INFO:colcon.colcon_core.shell:Creating environment hook '/home/logan/ten_ws/install/pubsub/share/pubsub/hook/pythonpath.ps1'
[1.780s] INFO:colcon.colcon_core.shell:Creating environment descriptor '/home/logan/ten_ws/install/pubsub/share/pubsub/hook/pythonpath.dsv'
[1.781s] INFO:colcon.colcon_core.shell:Creating environment hook '/home/logan/ten_ws/install/pubsub/share/pubsub/hook/pythonpath.sh'
[1.782s] Level 1:colcon.colcon_core.environment:checking '/home/logan/ten_ws/install/pubsub/bin'
[1.782s] Level 1:colcon.colcon_core.environment:create_environment_scripts_only(pubsub)
[1.782s] INFO:colcon.colcon_core.shell:Creating package script '/home/logan/ten_ws/install/pubsub/share/pubsub/package.ps1'
[1.783s] INFO:colcon.colcon_core.shell:Creating package descriptor '/home/logan/ten_ws/install/pubsub/share/pubsub/package.dsv'
[1.784s] INFO:colcon.colcon_core.shell:Creating package script '/home/logan/ten_ws/install/pubsub/share/pubsub/package.sh'
[1.785s] INFO:colcon.colcon_core.shell:Creating package script '/home/logan/ten_ws/install/pubsub/share/pubsub/package.bash'
[1.786s] INFO:colcon.colcon_core.shell:Creating package script '/home/logan/ten_ws/install/pubsub/share/pubsub/package.zsh'
[1.786s] Level 1:colcon.colcon_core.environment:create_file_with_runtime_dependencies(/home/logan/ten_ws/install/pubsub/share/colcon-core/packages/pubsub)
[1.789s] Level 1:colcon.colcon_core.shell:create_environment_hook('turtle_follower', 'pythonpath_develop')
[1.790s] INFO:colcon.colcon_core.shell:Creating environment hook '/home/logan/ten_ws/build/turtle_follower/share/turtle_follower/hook/pythonpath_develop.ps1'
[1.791s] DEBUG:colcon.colcon_core.event_handler.log_command:Invoked command in '/home/logan/ten_ws/build/turtle_follower' returned '0': PYTHONPATH=/home/logan/ten_ws/build/turtle_follower/prefix_override:/usr/lib/python3/dist-packages/colcon_core/task/python/colcon_distutils_commands:/home/logan/ten_ws/install/turtle_follower/lib/python3.10/site-packages:${PYTHONPATH} /usr/bin/python3 -W ignore:setup.py install is deprecated setup.py develop --editable --build-directory /home/logan/ten_ws/build/turtle_follower/build --no-deps symlink_data --force
[1.792s] INFO:colcon.colcon_core.shell:Creating environment descriptor '/home/logan/ten_ws/build/turtle_follower/share/turtle_follower/hook/pythonpath_develop.dsv'
[1.793s] INFO:colcon.colcon_core.shell:Creating environment hook '/home/logan/ten_ws/build/turtle_follower/share/turtle_follower/hook/pythonpath_develop.sh'
[1.794s] Level 1:colcon.colcon_core.environment:checking '/home/logan/ten_ws/install/turtle_follower' for CMake module files
[1.794s] Level 1:colcon.colcon_core.environment:checking '/home/logan/ten_ws/install/turtle_follower' for CMake config files
[1.795s] Level 1:colcon.colcon_core.environment:checking '/home/logan/ten_ws/install/turtle_follower/lib'
[1.795s] Level 1:colcon.colcon_core.environment:checking '/home/logan/ten_ws/install/turtle_follower/bin'
[1.795s] Level 1:colcon.colcon_core.environment:checking '/home/logan/ten_ws/install/turtle_follower/lib/pkgconfig/turtle_follower.pc'
[1.795s] Level 1:colcon.colcon_core.environment:checking '/home/logan/ten_ws/install/turtle_follower/lib/python3.10/site-packages'
[1.795s] Level 1:colcon.colcon_core.shell:create_environment_hook('turtle_follower', 'pythonpath')
[1.795s] INFO:colcon.colcon_core.shell:Creating environment hook '/home/logan/ten_ws/install/turtle_follower/share/turtle_follower/hook/pythonpath.ps1'
[1.796s] INFO:colcon.colcon_core.shell:Creating environment descriptor '/home/logan/ten_ws/install/turtle_follower/share/turtle_follower/hook/pythonpath.dsv'
[1.796s] INFO:colcon.colcon_core.shell:Creating environment hook '/home/logan/ten_ws/install/turtle_follower/share/turtle_follower/hook/pythonpath.sh'
[1.797s] Level 1:colcon.colcon_core.environment:checking '/home/logan/ten_ws/install/turtle_follower/bin'
[1.797s] Level 1:colcon.colcon_core.environment:create_environment_scripts_only(turtle_follower)
[1.798s] INFO:colcon.colcon_core.shell:Creating package script '/home/logan/ten_ws/install/turtle_follower/share/turtle_follower/package.ps1'
[1.798s] INFO:colcon.colcon_core.shell:Creating package descriptor '/home/logan/ten_ws/install/turtle_follower/share/turtle_follower/package.dsv'
[1.799s] INFO:colcon.colcon_core.shell:Creating package script '/home/logan/ten_ws/install/turtle_follower/share/turtle_follower/package.sh'
[1.799s] INFO:colcon.colcon_core.shell:Creating package script '/home/logan/ten_ws/install/turtle_follower/share/turtle_follower/package.bash'
[1.800s] INFO:colcon.colcon_core.shell:Creating package script '/home/logan/ten_ws/install/turtle_follower/share/turtle_follower/package.zsh'
[1.800s] Level 1:colcon.colcon_core.environment:create_file_with_runtime_dependencies(/home/logan/ten_ws/install/turtle_follower/share/colcon-core/packages/turtle_follower)
[1.801s] DEBUG:colcon.colcon_parallel_executor.executor.parallel:closing loop
[1.802s] DEBUG:colcon.colcon_parallel_executor.executor.parallel:loop closed
[1.802s] DEBUG:colcon.colcon_parallel_executor.executor.parallel:run_until_complete finished with '0'
[1.802s] DEBUG:colcon.colcon_core.event_reactor:joining thread
[1.812s] INFO:colcon.colcon_core.plugin_system:Skipping extension 'colcon_notification.desktop_notification.terminal_notifier': Not used on non-Darwin systems
[1.812s] INFO:colcon.colcon_core.plugin_system:Skipping extension 'colcon_notification.desktop_notification.win32': Not used on non-Windows systems
[1.812s] INFO:colcon.colcon_notification.desktop_notification:Sending desktop notification using 'notify2'
[1.814s] DEBUG:colcon.colcon_notification.desktop_notification.notify2:Failed to initialize notify2: org.freedesktop.DBus.Error.ServiceUnknown: The name org.freedesktop.Notifications was not provided by any .service files
[1.814s] DEBUG:colcon.colcon_core.event_reactor:joined thread
[1.815s] INFO:colcon.colcon_core.shell:Creating prefix script '/home/logan/ten_ws/install/local_setup.ps1'
[1.816s] INFO:colcon.colcon_core.shell:Creating prefix util module '/home/logan/ten_ws/install/_local_setup_util_ps1.py'
[1.818s] INFO:colcon.colcon_core.shell:Creating prefix chain script '/home/logan/ten_ws/install/setup.ps1'
[1.819s] INFO:colcon.colcon_core.shell:Creating prefix script '/home/logan/ten_ws/install/local_setup.sh'
[1.819s] INFO:colcon.colcon_core.shell:Creating prefix util module '/home/logan/ten_ws/install/_local_setup_util_sh.py'
[1.820s] INFO:colcon.colcon_core.shell:Creating prefix chain script '/home/logan/ten_ws/install/setup.sh'
[1.821s] INFO:colcon.colcon_core.shell:Creating prefix script '/home/logan/ten_ws/install/local_setup.bash'
[1.822s] INFO:colcon.colcon_core.shell:Creating prefix chain script '/home/logan/ten_ws/install/setup.bash'
[1.823s] INFO:colcon.colcon_core.shell:Creating prefix script '/home/logan/ten_ws/install/local_setup.zsh'
[1.823s] INFO:colcon.colcon_core.shell:Creating prefix chain script '/home/logan/ten_ws/install/setup.zsh'
