running develop
/usr/lib/python3/dist-packages/setuptools/command/easy_install.py:158: EasyInstallDeprecationWarning: easy_install command is deprecated. Use build and pip and other standards-based tools.
  warnings.warn(
Removing /home/logan/ten/install/pubsub/lib/python3.10/site-packages/pubsub.egg-link (link to .)
running egg_info
writing ../../build/pubsub/pubsub.egg-info/PKG-INFO
writing dependency_links to ../../build/pubsub/pubsub.egg-info/dependency_links.txt
writing entry points to ../../build/pubsub/pubsub.egg-info/entry_points.txt
writing requirements to ../../build/pubsub/pubsub.egg-info/requires.txt
writing top-level names to ../../build/pubsub/pubsub.egg-info/top_level.txt
reading manifest file '../../build/pubsub/pubsub.egg-info/SOURCES.txt'
adding license file 'LICENSE'
writing manifest file '../../build/pubsub/pubsub.egg-info/SOURCES.txt'
running build
running build_py
copying pubsub/subscriber_node.py -> /home/logan/ten/build/pubsub/build/lib/pubsub
running install
running install_lib
creating /home/logan/ten/install/pubsub/lib/python3.10/site-packages/pubsub
copying /home/logan/ten/build/pubsub/build/lib/pubsub/publisher_node.py -> /home/logan/ten/install/pubsub/lib/python3.10/site-packages/pubsub
copying /home/logan/ten/build/pubsub/build/lib/pubsub/subscriber_node.py -> /home/logan/ten/install/pubsub/lib/python3.10/site-packages/pubsub
copying /home/logan/ten/build/pubsub/build/lib/pubsub/__init__.py -> /home/logan/ten/install/pubsub/lib/python3.10/site-packages/pubsub
byte-compiling /home/logan/ten/install/pubsub/lib/python3.10/site-packages/pubsub/publisher_node.py to publisher_node.cpython-310.pyc
byte-compiling /home/logan/ten/install/pubsub/lib/python3.10/site-packages/pubsub/subscriber_node.py to subscriber_node.cpython-310.pyc
byte-compiling /home/logan/ten/install/pubsub/lib/python3.10/site-packages/pubsub/__init__.py to __init__.cpython-310.pyc
running install_data
copying resource/pubsub -> /home/logan/ten/install/pubsub/share/ament_index/resource_index/packages
copying package.xml -> /home/logan/ten/install/pubsub/share/pubsub
running install_egg_info
Copying ../../build/pubsub/pubsub.egg-info to /home/logan/ten/install/pubsub/lib/python3.10/site-packages/pubsub-0.0.0-py3.10.egg-info
running install_scripts
Installing listener script to /home/logan/ten/install/pubsub/lib/pubsub
Installing talker script to /home/logan/ten/install/pubsub/lib/pubsub
writing list of installed files to '/home/logan/ten/build/pubsub/install.log'
