[0.949s] Invoking command in '/home/logan/ten_ws/src/pubsub': PYTHONPATH=/home/logan/ten_ws/build/pubsub/prefix_override:/usr/lib/python3/dist-packages/colcon_core/task/python/colcon_distutils_commands:/home/logan/ten_ws/install/pubsub/lib/python3.10/site-packages:${PYTHONPATH} /usr/bin/python3 -W ignore:setup.py install is deprecated setup.py egg_info --egg-base ../../build/pubsub build --build-base /home/logan/ten_ws/build/pubsub/build install --record /home/logan/ten_ws/build/pubsub/install.log --single-version-externally-managed install_data
[1.181s] running egg_info
[1.183s] writing ../../build/pubsub/pubsub.egg-info/PKG-INFO
[1.183s] writing dependency_links to ../../build/pubsub/pubsub.egg-info/dependency_links.txt
[1.184s] writing entry points to ../../build/pubsub/pubsub.egg-info/entry_points.txt
[1.185s] writing requirements to ../../build/pubsub/pubsub.egg-info/requires.txt
[1.185s] writing top-level names to ../../build/pubsub/pubsub.egg-info/top_level.txt
[1.186s] reading manifest file '../../build/pubsub/pubsub.egg-info/SOURCES.txt'
[1.186s] adding license file 'LICENSE'
[1.187s] writing manifest file '../../build/pubsub/pubsub.egg-info/SOURCES.txt'
[1.187s] running build
[1.187s] running build_py
[1.189s] running install
[1.189s] running install_lib
[1.190s] running install_data
[1.190s] running install_egg_info
[1.191s] removing '/home/logan/ten_ws/install/pubsub/lib/python3.10/site-packages/pubsub-0.0.0-py3.10.egg-info' (and everything under it)
[1.192s] Copying ../../build/pubsub/pubsub.egg-info to /home/logan/ten_ws/install/pubsub/lib/python3.10/site-packages/pubsub-0.0.0-py3.10.egg-info
[1.192s] running install_scripts
[1.213s] Installing listener script to /home/logan/ten_ws/install/pubsub/lib/pubsub
[1.213s] Installing talker script to /home/logan/ten_ws/install/pubsub/lib/pubsub
[1.214s] writing list of installed files to '/home/logan/ten_ws/build/pubsub/install.log'
[1.243s] Invoked command in '/home/logan/ten_ws/src/pubsub' returned '0': PYTHONPATH=/home/logan/ten_ws/build/pubsub/prefix_override:/usr/lib/python3/dist-packages/colcon_core/task/python/colcon_distutils_commands:/home/logan/ten_ws/install/pubsub/lib/python3.10/site-packages:${PYTHONPATH} /usr/bin/python3 -W ignore:setup.py install is deprecated setup.py egg_info --egg-base ../../build/pubsub build --build-base /home/logan/ten_ws/build/pubsub/build install --record /home/logan/ten_ws/build/pubsub/install.log --single-version-externally-managed install_data
