running develop
/usr/lib/python3/dist-packages/setuptools/command/easy_install.py:158: EasyInstallDeprecationWarning: easy_install command is deprecated. Use build and pip and other standards-based tools.
  warnings.warn(
Removing /home/logan/ten_ws/install/turtle_follower/lib/python3.10/site-packages/turtle-follower.egg-link (link to .)
running egg_info
writing ../../build/turtle_follower/turtle_follower.egg-info/PKG-INFO
writing dependency_links to ../../build/turtle_follower/turtle_follower.egg-info/dependency_links.txt
writing entry points to ../../build/turtle_follower/turtle_follower.egg-info/entry_points.txt
writing requirements to ../../build/turtle_follower/turtle_follower.egg-info/requires.txt
writing top-level names to ../../build/turtle_follower/turtle_follower.egg-info/top_level.txt
reading manifest file '../../build/turtle_follower/turtle_follower.egg-info/SOURCES.txt'
adding license file 'LICENSE'
writing manifest file '../../build/turtle_follower/turtle_follower.egg-info/SOURCES.txt'
running build
running build_py
copying turtle_follower/turtle_follower.py -> /home/logan/ten_ws/build/turtle_follower/build/lib/turtle_follower
running install
running install_lib
creating /home/logan/ten_ws/install/turtle_follower/lib/python3.10/site-packages/turtle_follower
copying /home/logan/ten_ws/build/turtle_follower/build/lib/turtle_follower/turtle_follower.py -> /home/logan/ten_ws/install/turtle_follower/lib/python3.10/site-packages/turtle_follower
copying /home/logan/ten_ws/build/turtle_follower/build/lib/turtle_follower/__init__.py -> /home/logan/ten_ws/install/turtle_follower/lib/python3.10/site-packages/turtle_follower
byte-compiling /home/logan/ten_ws/install/turtle_follower/lib/python3.10/site-packages/turtle_follower/turtle_follower.py to turtle_follower.cpython-310.pyc
byte-compiling /home/logan/ten_ws/install/turtle_follower/lib/python3.10/site-packages/turtle_follower/__init__.py to __init__.cpython-310.pyc
running install_data
copying resource/turtle_follower -> /home/logan/ten_ws/install/turtle_follower/share/ament_index/resource_index/packages
copying package.xml -> /home/logan/ten_ws/install/turtle_follower/share/turtle_follower
running install_egg_info
Copying ../../build/turtle_follower/turtle_follower.egg-info to /home/logan/ten_ws/install/turtle_follower/lib/python3.10/site-packages/turtle_follower-0.0.0-py3.10.egg-info
running install_scripts
Installing turtle_follower script to /home/logan/ten_ws/install/turtle_follower/lib/turtle_follower
writing list of installed files to '/home/logan/ten_ws/build/turtle_follower/install.log'
