[1.090s] Invoking command in '/home/logan/ten_ws/build/turtle_follower': PYTHONPATH=/home/logan/ten_ws/build/turtle_follower/prefix_override:/usr/lib/python3/dist-packages/colcon_core/task/python/colcon_distutils_commands:/home/logan/ten_ws/install/turtle_follower/lib/python3.10/site-packages:${PYTHONPATH} /usr/bin/python3 -W ignore:setup.py install is deprecated setup.py develop --uninstall --editable --build-directory /home/logan/ten_ws/build/turtle_follower/build
[1.371s] running develop
[1.374s] /usr/lib/python3/dist-packages/setuptools/command/easy_install.py:158: EasyInstallDeprecationWarning: easy_install command is deprecated. Use build and pip and other standards-based tools.
[1.374s]   warnings.warn(
[1.532s] Removing /home/logan/ten_ws/install/turtle_follower/lib/python3.10/site-packages/turtle-follower.egg-link (link to .)
[1.568s] Invoked command in '/home/logan/ten_ws/build/turtle_follower' returned '0': PYTHONPATH=/home/logan/ten_ws/build/turtle_follower/prefix_override:/usr/lib/python3/dist-packages/colcon_core/task/python/colcon_distutils_commands:/home/logan/ten_ws/install/turtle_follower/lib/python3.10/site-packages:${PYTHONPATH} /usr/bin/python3 -W ignore:setup.py install is deprecated setup.py develop --uninstall --editable --build-directory /home/logan/ten_ws/build/turtle_follower/build
[1.571s] Invoking command in '/home/logan/ten_ws/src/turtle_follower': PYTHONPATH=/home/logan/ten_ws/build/turtle_follower/prefix_override:/usr/lib/python3/dist-packages/colcon_core/task/python/colcon_distutils_commands:/home/logan/ten_ws/install/turtle_follower/lib/python3.10/site-packages:${PYTHONPATH} /usr/bin/python3 -W ignore:setup.py install is deprecated setup.py egg_info --egg-base ../../build/turtle_follower build --build-base /home/logan/ten_ws/build/turtle_follower/build install --record /home/logan/ten_ws/build/turtle_follower/install.log --single-version-externally-managed install_data --force
[1.794s] running egg_info
[1.795s] writing ../../build/turtle_follower/turtle_follower.egg-info/PKG-INFO
[1.796s] writing dependency_links to ../../build/turtle_follower/turtle_follower.egg-info/dependency_links.txt
[1.796s] writing entry points to ../../build/turtle_follower/turtle_follower.egg-info/entry_points.txt
[1.797s] writing requirements to ../../build/turtle_follower/turtle_follower.egg-info/requires.txt
[1.797s] writing top-level names to ../../build/turtle_follower/turtle_follower.egg-info/top_level.txt
[1.799s] reading manifest file '../../build/turtle_follower/turtle_follower.egg-info/SOURCES.txt'
[1.799s] adding license file 'LICENSE'
[1.800s] writing manifest file '../../build/turtle_follower/turtle_follower.egg-info/SOURCES.txt'
[1.800s] running build
[1.800s] running build_py
[1.802s] copying turtle_follower/turtle_follower.py -> /home/logan/ten_ws/build/turtle_follower/build/lib/turtle_follower
[1.802s] running install
[1.802s] running install_lib
[1.803s] creating /home/logan/ten_ws/install/turtle_follower/lib/python3.10/site-packages/turtle_follower
[1.804s] copying /home/logan/ten_ws/build/turtle_follower/build/lib/turtle_follower/turtle_follower.py -> /home/logan/ten_ws/install/turtle_follower/lib/python3.10/site-packages/turtle_follower
[1.804s] copying /home/logan/ten_ws/build/turtle_follower/build/lib/turtle_follower/__init__.py -> /home/logan/ten_ws/install/turtle_follower/lib/python3.10/site-packages/turtle_follower
[1.804s] byte-compiling /home/logan/ten_ws/install/turtle_follower/lib/python3.10/site-packages/turtle_follower/turtle_follower.py to turtle_follower.cpython-310.pyc
[1.805s] byte-compiling /home/logan/ten_ws/install/turtle_follower/lib/python3.10/site-packages/turtle_follower/__init__.py to __init__.cpython-310.pyc
[1.805s] running install_data
[1.805s] copying resource/turtle_follower -> /home/logan/ten_ws/install/turtle_follower/share/ament_index/resource_index/packages
[1.805s] copying package.xml -> /home/logan/ten_ws/install/turtle_follower/share/turtle_follower
[1.805s] running install_egg_info
[1.806s] Copying ../../build/turtle_follower/turtle_follower.egg-info to /home/logan/ten_ws/install/turtle_follower/lib/python3.10/site-packages/turtle_follower-0.0.0-py3.10.egg-info
[1.808s] running install_scripts
[1.828s] Installing turtle_follower script to /home/logan/ten_ws/install/turtle_follower/lib/turtle_follower
[1.829s] writing list of installed files to '/home/logan/ten_ws/build/turtle_follower/install.log'
[1.862s] Invoked command in '/home/logan/ten_ws/src/turtle_follower' returned '0': PYTHONPATH=/home/logan/ten_ws/build/turtle_follower/prefix_override:/usr/lib/python3/dist-packages/colcon_core/task/python/colcon_distutils_commands:/home/logan/ten_ws/install/turtle_follower/lib/python3.10/site-packages:${PYTHONPATH} /usr/bin/python3 -W ignore:setup.py install is deprecated setup.py egg_info --egg-base ../../build/turtle_follower build --build-base /home/logan/ten_ws/build/turtle_follower/build install --record /home/logan/ten_ws/build/turtle_follower/install.log --single-version-externally-managed install_data --force
