[0.941s] Invoking command in '/home/logan/ten_ws/src/turtle_follower': PYTHONPATH=/home/logan/ten_ws/build/turtle_follower/prefix_override:/usr/lib/python3/dist-packages/colcon_core/task/python/colcon_distutils_commands:/home/logan/ten_ws/install/turtle_follower/lib/python3.10/site-packages:${PYTHONPATH} /usr/bin/python3 -W ignore:setup.py install is deprecated setup.py egg_info --egg-base ../../build/turtle_follower build --build-base /home/logan/ten_ws/build/turtle_follower/build install --record /home/logan/ten_ws/build/turtle_follower/install.log --single-version-externally-managed install_data
[1.173s] running egg_info
[1.174s] writing ../../build/turtle_follower/turtle_follower.egg-info/PKG-INFO
[1.175s] writing dependency_links to ../../build/turtle_follower/turtle_follower.egg-info/dependency_links.txt
[1.176s] writing entry points to ../../build/turtle_follower/turtle_follower.egg-info/entry_points.txt
[1.176s] writing requirements to ../../build/turtle_follower/turtle_follower.egg-info/requires.txt
[1.176s] writing top-level names to ../../build/turtle_follower/turtle_follower.egg-info/top_level.txt
[1.177s] reading manifest file '../../build/turtle_follower/turtle_follower.egg-info/SOURCES.txt'
[1.177s] adding license file 'LICENSE'
[1.179s] writing manifest file '../../build/turtle_follower/turtle_follower.egg-info/SOURCES.txt'
[1.179s] running build
[1.179s] running build_py
[1.180s] copying turtle_follower/turtle_follower.py -> /home/logan/ten_ws/build/turtle_follower/build/lib/turtle_follower
[1.180s] running install
[1.180s] running install_lib
[1.180s] copying /home/logan/ten_ws/build/turtle_follower/build/lib/turtle_follower/turtle_follower.py -> /home/logan/ten_ws/install/turtle_follower/lib/python3.10/site-packages/turtle_follower
[1.181s] byte-compiling /home/logan/ten_ws/install/turtle_follower/lib/python3.10/site-packages/turtle_follower/turtle_follower.py to turtle_follower.cpython-310.pyc
[1.182s] running install_data
[1.182s] running install_egg_info
[1.183s] removing '/home/logan/ten_ws/install/turtle_follower/lib/python3.10/site-packages/turtle_follower-0.0.0-py3.10.egg-info' (and everything under it)
[1.184s] Copying ../../build/turtle_follower/turtle_follower.egg-info to /home/logan/ten_ws/install/turtle_follower/lib/python3.10/site-packages/turtle_follower-0.0.0-py3.10.egg-info
[1.184s] running install_scripts
[1.205s] Installing mover script to /home/logan/ten_ws/install/turtle_follower/lib/turtle_follower
[1.205s] writing list of installed files to '/home/logan/ten_ws/build/turtle_follower/install.log'
[1.247s] Invoked command in '/home/logan/ten_ws/src/turtle_follower' returned '0': PYTHONPATH=/home/logan/ten_ws/build/turtle_follower/prefix_override:/usr/lib/python3/dist-packages/colcon_core/task/python/colcon_distutils_commands:/home/logan/ten_ws/install/turtle_follower/lib/python3.10/site-packages:${PYTHONPATH} /usr/bin/python3 -W ignore:setup.py install is deprecated setup.py egg_info --egg-base ../../build/turtle_follower build --build-base /home/logan/ten_ws/build/turtle_follower/build install --record /home/logan/ten_ws/build/turtle_follower/install.log --single-version-externally-managed install_data
