[0.878s] Invoking command in '/home/logan/ten_ws/src/pubsub': PYTHONPATH=/home/logan/ten_ws/build/pubsub/prefix_override:/usr/lib/python3/dist-packages/colcon_core/task/python/colcon_distutils_commands:/home/logan/ten_ws/install/pubsub/lib/python3.10/site-packages:${PYTHONPATH} /usr/bin/python3 -W ignore:setup.py install is deprecated setup.py egg_info --egg-base ../../build/pubsub build --build-base /home/logan/ten_ws/build/pubsub/build install --record /home/logan/ten_ws/build/pubsub/install.log --single-version-externally-managed install_data
[1.109s] running egg_info
[1.110s] writing ../../build/pubsub/pubsub.egg-info/PKG-INFO
[1.111s] writing dependency_links to ../../build/pubsub/pubsub.egg-info/dependency_links.txt
[1.111s] writing entry points to ../../build/pubsub/pubsub.egg-info/entry_points.txt
[1.112s] writing requirements to ../../build/pubsub/pubsub.egg-info/requires.txt
[1.112s] writing top-level names to ../../build/pubsub/pubsub.egg-info/top_level.txt
[1.113s] reading manifest file '../../build/pubsub/pubsub.egg-info/SOURCES.txt'
[1.114s] adding license file 'LICENSE'
[1.114s] writing manifest file '../../build/pubsub/pubsub.egg-info/SOURCES.txt'
[1.115s] running build
[1.115s] running build_py
[1.115s] running install
[1.115s] running install_lib
[1.117s] running install_data
[1.117s] running install_egg_info
[1.119s] removing '/home/logan/ten_ws/install/pubsub/lib/python3.10/site-packages/pubsub-0.0.0-py3.10.egg-info' (and everything under it)
[1.119s] Copying ../../build/pubsub/pubsub.egg-info to /home/logan/ten_ws/install/pubsub/lib/python3.10/site-packages/pubsub-0.0.0-py3.10.egg-info
[1.121s] running install_scripts
[1.144s] Installing listener script to /home/logan/ten_ws/install/pubsub/lib/pubsub
[1.144s] Installing talker script to /home/logan/ten_ws/install/pubsub/lib/pubsub
[1.145s] writing list of installed files to '/home/logan/ten_ws/build/pubsub/install.log'
[1.172s] Invoked command in '/home/logan/ten_ws/src/pubsub' returned '0': PYTHONPATH=/home/logan/ten_ws/build/pubsub/prefix_override:/usr/lib/python3/dist-packages/colcon_core/task/python/colcon_distutils_commands:/home/logan/ten_ws/install/pubsub/lib/python3.10/site-packages:${PYTHONPATH} /usr/bin/python3 -W ignore:setup.py install is deprecated setup.py egg_info --egg-base ../../build/pubsub build --build-base /home/logan/ten_ws/build/pubsub/build install --record /home/logan/ten_ws/build/pubsub/install.log --single-version-externally-managed install_data
