[0.895s] Invoking command in '/home/logan/ten_ws/src/pubsub': PYTHONPATH=/home/logan/ten_ws/build/pubsub/prefix_override:/usr/lib/python3/dist-packages/colcon_core/task/python/colcon_distutils_commands:/home/logan/ten_ws/install/pubsub/lib/python3.10/site-packages:${PYTHONPATH} /usr/bin/python3 -W ignore:setup.py install is deprecated setup.py egg_info --egg-base ../../build/pubsub build --build-base /home/logan/ten_ws/build/pubsub/build install --record /home/logan/ten_ws/build/pubsub/install.log --single-version-externally-managed install_data
[1.119s] running egg_info
[1.120s] writing ../../build/pubsub/pubsub.egg-info/PKG-INFO
[1.121s] writing dependency_links to ../../build/pubsub/pubsub.egg-info/dependency_links.txt
[1.121s] writing entry points to ../../build/pubsub/pubsub.egg-info/entry_points.txt
[1.121s] writing requirements to ../../build/pubsub/pubsub.egg-info/requires.txt
[1.121s] writing top-level names to ../../build/pubsub/pubsub.egg-info/top_level.txt
[1.123s] reading manifest file '../../build/pubsub/pubsub.egg-info/SOURCES.txt'
[1.124s] adding license file 'LICENSE'
[1.125s] writing manifest file '../../build/pubsub/pubsub.egg-info/SOURCES.txt'
[1.125s] running build
[1.125s] running build_py
[1.126s] running install
[1.126s] running install_lib
[1.127s] running install_data
[1.127s] running install_egg_info
[1.130s] removing '/home/logan/ten_ws/install/pubsub/lib/python3.10/site-packages/pubsub-0.0.0-py3.10.egg-info' (and everything under it)
[1.130s] Copying ../../build/pubsub/pubsub.egg-info to /home/logan/ten_ws/install/pubsub/lib/python3.10/site-packages/pubsub-0.0.0-py3.10.egg-info
[1.132s] running install_scripts
[1.152s] Installing listener script to /home/logan/ten_ws/install/pubsub/lib/pubsub
[1.152s] Installing talker script to /home/logan/ten_ws/install/pubsub/lib/pubsub
[1.152s] writing list of installed files to '/home/logan/ten_ws/build/pubsub/install.log'
[1.182s] Invoked command in '/home/logan/ten_ws/src/pubsub' returned '0': PYTHONPATH=/home/logan/ten_ws/build/pubsub/prefix_override:/usr/lib/python3/dist-packages/colcon_core/task/python/colcon_distutils_commands:/home/logan/ten_ws/install/pubsub/lib/python3.10/site-packages:${PYTHONPATH} /usr/bin/python3 -W ignore:setup.py install is deprecated setup.py egg_info --egg-base ../../build/pubsub build --build-base /home/logan/ten_ws/build/pubsub/build install --record /home/logan/ten_ws/build/pubsub/install.log --single-version-externally-managed install_data
