[0.671s] Invoking command in '/home/logan/ten/src/pubsub': PYTHONPATH=/home/logan/ten/build/pubsub/prefix_override:/usr/lib/python3/dist-packages/colcon_core/task/python/colcon_distutils_commands:/home/logan/ten/install/pubsub/lib/python3.10/site-packages:${PYTHONPATH} /usr/bin/python3 -W ignore:setup.py install is deprecated setup.py egg_info --egg-base ../../build/pubsub build --build-base /home/logan/ten/build/pubsub/build install --record /home/logan/ten/build/pubsub/install.log --single-version-externally-managed install_data
[0.883s] running egg_info
[0.884s] writing ../../build/pubsub/pubsub.egg-info/PKG-INFO
[0.884s] writing dependency_links to ../../build/pubsub/pubsub.egg-info/dependency_links.txt
[0.885s] writing entry points to ../../build/pubsub/pubsub.egg-info/entry_points.txt
[0.885s] writing requirements to ../../build/pubsub/pubsub.egg-info/requires.txt
[0.885s] writing top-level names to ../../build/pubsub/pubsub.egg-info/top_level.txt
[0.887s] reading manifest file '../../build/pubsub/pubsub.egg-info/SOURCES.txt'
[0.887s] adding license file 'LICENSE'
[0.888s] writing manifest file '../../build/pubsub/pubsub.egg-info/SOURCES.txt'
[0.888s] running build
[0.888s] running build_py
[0.888s] copying pubsub/subscriber_node.py -> /home/logan/ten/build/pubsub/build/lib/pubsub
[0.889s] running install
[0.889s] running install_lib
[0.890s] copying /home/logan/ten/build/pubsub/build/lib/pubsub/subscriber_node.py -> /home/logan/ten/install/pubsub/lib/python3.10/site-packages/pubsub
[0.890s] byte-compiling /home/logan/ten/install/pubsub/lib/python3.10/site-packages/pubsub/subscriber_node.py to subscriber_node.cpython-310.pyc
[0.891s] running install_data
[0.891s] running install_egg_info
[0.893s] removing '/home/logan/ten/install/pubsub/lib/python3.10/site-packages/pubsub-0.0.0-py3.10.egg-info' (and everything under it)
[0.893s] Copying ../../build/pubsub/pubsub.egg-info to /home/logan/ten/install/pubsub/lib/python3.10/site-packages/pubsub-0.0.0-py3.10.egg-info
[0.895s] running install_scripts
[0.913s] Installing listener script to /home/logan/ten/install/pubsub/lib/pubsub
[0.914s] Installing talker script to /home/logan/ten/install/pubsub/lib/pubsub
[0.914s] writing list of installed files to '/home/logan/ten/build/pubsub/install.log'
[0.938s] Invoked command in '/home/logan/ten/src/pubsub' returned '0': PYTHONPATH=/home/logan/ten/build/pubsub/prefix_override:/usr/lib/python3/dist-packages/colcon_core/task/python/colcon_distutils_commands:/home/logan/ten/install/pubsub/lib/python3.10/site-packages:${PYTHONPATH} /usr/bin/python3 -W ignore:setup.py install is deprecated setup.py egg_info --egg-base ../../build/pubsub build --build-base /home/logan/ten/build/pubsub/build install --record /home/logan/ten/build/pubsub/install.log --single-version-externally-managed install_data
