[0.875s] Invoking command in '/home/logan/ten_ws/src/turtle_follower': PYTHONPATH=/home/logan/ten_ws/build/turtle_follower/prefix_override:/usr/lib/python3/dist-packages/colcon_core/task/python/colcon_distutils_commands:/home/logan/ten_ws/install/turtle_follower/lib/python3.10/site-packages:${PYTHONPATH} /usr/bin/python3 -W ignore:setup.py install is deprecated setup.py egg_info --egg-base ../../build/turtle_follower build --build-base /home/logan/ten_ws/build/turtle_follower/build install --record /home/logan/ten_ws/build/turtle_follower/install.log --single-version-externally-managed install_data
[1.095s] running egg_info
[1.096s] writing ../../build/turtle_follower/turtle_follower.egg-info/PKG-INFO
[1.097s] writing dependency_links to ../../build/turtle_follower/turtle_follower.egg-info/dependency_links.txt
[1.097s] writing entry points to ../../build/turtle_follower/turtle_follower.egg-info/entry_points.txt
[1.098s] writing requirements to ../../build/turtle_follower/turtle_follower.egg-info/requires.txt
[1.098s] writing top-level names to ../../build/turtle_follower/turtle_follower.egg-info/top_level.txt
[1.100s] reading manifest file '../../build/turtle_follower/turtle_follower.egg-info/SOURCES.txt'
[1.100s] adding license file 'LICENSE'
[1.101s] writing manifest file '../../build/turtle_follower/turtle_follower.egg-info/SOURCES.txt'
[1.101s] running build
[1.101s] running build_py
[1.101s] copying turtle_follower/turtle_follower.py -> /home/logan/ten_ws/build/turtle_follower/build/lib/turtle_follower
[1.102s] running install
[1.102s] running install_lib
[1.103s] copying /home/logan/ten_ws/build/turtle_follower/build/lib/turtle_follower/turtle_follower.py -> /home/logan/ten_ws/install/turtle_follower/lib/python3.10/site-packages/turtle_follower
[1.104s] byte-compiling /home/logan/ten_ws/install/turtle_follower/lib/python3.10/site-packages/turtle_follower/turtle_follower.py to turtle_follower.cpython-310.pyc
[1.105s] running install_data
[1.105s] copying package.xml -> /home/logan/ten_ws/install/turtle_follower/share/turtle_follower
[1.105s] running install_egg_info
[1.106s] removing '/home/logan/ten_ws/install/turtle_follower/lib/python3.10/site-packages/turtle_follower-0.0.0-py3.10.egg-info' (and everything under it)
[1.107s] Copying ../../build/turtle_follower/turtle_follower.egg-info to /home/logan/ten_ws/install/turtle_follower/lib/python3.10/site-packages/turtle_follower-0.0.0-py3.10.egg-info
[1.108s] running install_scripts
[1.128s] Installing mover script to /home/logan/ten_ws/install/turtle_follower/lib/turtle_follower
[1.128s] writing list of installed files to '/home/logan/ten_ws/build/turtle_follower/install.log'
[1.158s] Invoked command in '/home/logan/ten_ws/src/turtle_follower' returned '0': PYTHONPATH=/home/logan/ten_ws/build/turtle_follower/prefix_override:/usr/lib/python3/dist-packages/colcon_core/task/python/colcon_distutils_commands:/home/logan/ten_ws/install/turtle_follower/lib/python3.10/site-packages:${PYTHONPATH} /usr/bin/python3 -W ignore:setup.py install is deprecated setup.py egg_info --egg-base ../../build/turtle_follower build --build-base /home/logan/ten_ws/build/turtle_follower/build install --record /home/logan/ten_ws/build/turtle_follower/install.log --single-version-externally-managed install_data
