[0.356s] DEBUG:colcon:Command line arguments: ['/usr/bin/colcon', 'list', '-p', '--base-paths', '/home/logan/ten']
[0.356s] DEBUG:colcon:Parsed command line arguments: Namespace(log_base=None, log_level=None, verb_name='list', build_base='build', ignore_user_meta=False, metas=['./colcon.meta'], base_paths=['/home/logan/ten'], packages_ignore=None, packages_ignore_regex=None, paths=None, packages_up_to=None, packages_up_to_regex=None, packages_above=None, packages_above_and_dependencies=None, packages_above_depth=None, packages_select_by_dep=None, packages_skip_by_dep=None, packages_skip_up_to=None, packages_select_build_failed=False, packages_skip_build_finished=False, packages_select_test_failures=False, packages_skip_test_passed=False, packages_select=None, packages_skip=None, packages_select_regex=None, packages_skip_regex=None, packages_start=None, packages_end=None, allow_overriding=[], topological_order=False, names_only=False, paths_only=True, topological_graph=False, topological_graph_dot=False, topological_graph_density=False, topological_graph_legend=False, topological_graph_dot_cluster=False, topological_graph_dot_include_skipped=False, verb_parser=<colcon_defaults.argument_parser.defaults.DefaultArgumentsDecorator object at 0x7f031b4e55a0>, verb_extension=<colcon_package_information.verb.list.ListVerb object at 0x7f031b5d98a0>, main=<bound method ListVerb.main of <colcon_package_information.verb.list.ListVerb object at 0x7f031b5d98a0>>)
[0.690s] Level 1:colcon.colcon_core.package_discovery:discover_packages(colcon_meta) check parameters
[0.691s] Level 1:colcon.colcon_core.package_discovery:discover_packages(recursive) check parameters
[0.691s] Level 1:colcon.colcon_core.package_discovery:discover_packages(ignore) check parameters
[0.691s] Level 1:colcon.colcon_core.package_discovery:discover_packages(path) check parameters
[0.691s] Level 1:colcon.colcon_core.package_discovery:discover_packages(recursive) discover
[0.691s] INFO:colcon.colcon_core.package_discovery:Crawling recursively for packages in '/home/logan/ten'
[0.691s] Level 1:colcon.colcon_core.package_identification:_identify(/home/logan/ten) by extensions ['ignore', 'ignore_ament_install']
[0.691s] Level 1:colcon.colcon_core.package_identification:_identify(/home/logan/ten) by extension 'ignore'
[0.691s] Level 1:colcon.colcon_core.package_identification:_identify(/home/logan/ten) by extension 'ignore_ament_install'
[0.691s] Level 1:colcon.colcon_core.package_identification:_identify(/home/logan/ten) by extensions ['colcon_pkg']
[0.692s] Level 1:colcon.colcon_core.package_identification:_identify(/home/logan/ten) by extension 'colcon_pkg'
[0.692s] Level 1:colcon.colcon_core.package_identification:_identify(/home/logan/ten) by extensions ['colcon_meta']
[0.692s] Level 1:colcon.colcon_core.package_identification:_identify(/home/logan/ten) by extension 'colcon_meta'
[0.692s] Level 1:colcon.colcon_core.package_identification:_identify(/home/logan/ten) by extensions ['ros']
[0.692s] Level 1:colcon.colcon_core.package_identification:_identify(/home/logan/ten) by extension 'ros'
[0.713s] Level 1:colcon.colcon_core.package_identification:_identify(/home/logan/ten) by extensions ['cmake', 'python']
[0.713s] Level 1:colcon.colcon_core.package_identification:_identify(/home/logan/ten) by extension 'cmake'
[0.714s] Level 1:colcon.colcon_core.package_identification:_identify(/home/logan/ten) by extension 'python'
[0.714s] Level 1:colcon.colcon_core.package_identification:_identify(/home/logan/ten) by extensions ['python_setup_py']
[0.714s] Level 1:colcon.colcon_core.package_identification:_identify(/home/logan/ten) by extension 'python_setup_py'
[0.714s] Level 1:colcon.colcon_core.package_identification:_identify(/home/logan/ten/build) by extensions ['ignore', 'ignore_ament_install']
[0.714s] Level 1:colcon.colcon_core.package_identification:_identify(/home/logan/ten/build) by extension 'ignore'
[0.714s] Level 1:colcon.colcon_core.package_identification:_identify(/home/logan/ten/build) ignored
[0.714s] Level 1:colcon.colcon_core.package_identification:_identify(/home/logan/ten/install) by extensions ['ignore', 'ignore_ament_install']
[0.714s] Level 1:colcon.colcon_core.package_identification:_identify(/home/logan/ten/install) by extension 'ignore'
[0.715s] Level 1:colcon.colcon_core.package_identification:_identify(/home/logan/ten/install) ignored
[0.715s] Level 1:colcon.colcon_core.package_identification:_identify(/home/logan/ten/log) by extensions ['ignore', 'ignore_ament_install']
[0.715s] Level 1:colcon.colcon_core.package_identification:_identify(/home/logan/ten/log) by extension 'ignore'
[0.715s] Level 1:colcon.colcon_core.package_identification:_identify(/home/logan/ten/log) ignored
[0.715s] Level 1:colcon.colcon_core.package_identification:_identify(/home/logan/ten/src) by extensions ['ignore', 'ignore_ament_install']
[0.715s] Level 1:colcon.colcon_core.package_identification:_identify(/home/logan/ten/src) by extension 'ignore'
[0.715s] Level 1:colcon.colcon_core.package_identification:_identify(/home/logan/ten/src) by extension 'ignore_ament_install'
[0.715s] Level 1:colcon.colcon_core.package_identification:_identify(/home/logan/ten/src) by extensions ['colcon_pkg']
[0.715s] Level 1:colcon.colcon_core.package_identification:_identify(/home/logan/ten/src) by extension 'colcon_pkg'
[0.715s] Level 1:colcon.colcon_core.package_identification:_identify(/home/logan/ten/src) by extensions ['colcon_meta']
[0.715s] Level 1:colcon.colcon_core.package_identification:_identify(/home/logan/ten/src) by extension 'colcon_meta'
[0.716s] Level 1:colcon.colcon_core.package_identification:_identify(/home/logan/ten/src) by extensions ['ros']
[0.716s] Level 1:colcon.colcon_core.package_identification:_identify(/home/logan/ten/src) by extension 'ros'
[0.716s] Level 1:colcon.colcon_core.package_identification:_identify(/home/logan/ten/src) by extensions ['cmake', 'python']
[0.716s] Level 1:colcon.colcon_core.package_identification:_identify(/home/logan/ten/src) by extension 'cmake'
[0.716s] Level 1:colcon.colcon_core.package_identification:_identify(/home/logan/ten/src) by extension 'python'
[0.716s] Level 1:colcon.colcon_core.package_identification:_identify(/home/logan/ten/src) by extensions ['python_setup_py']
[0.716s] Level 1:colcon.colcon_core.package_identification:_identify(/home/logan/ten/src) by extension 'python_setup_py'
[0.717s] Level 1:colcon.colcon_core.package_identification:_identify(/home/logan/ten/src/pubsub) by extensions ['ignore', 'ignore_ament_install']
[0.719s] Level 1:colcon.colcon_core.package_identification:_identify(/home/logan/ten/src/pubsub) by extension 'ignore'
[0.720s] Level 1:colcon.colcon_core.package_identification:_identify(/home/logan/ten/src/pubsub) by extension 'ignore_ament_install'
[0.720s] Level 1:colcon.colcon_core.package_identification:_identify(/home/logan/ten/src/pubsub) by extensions ['colcon_pkg']
[0.720s] Level 1:colcon.colcon_core.package_identification:_identify(/home/logan/ten/src/pubsub) by extension 'colcon_pkg'
[0.720s] Level 1:colcon.colcon_core.package_identification:_identify(/home/logan/ten/src/pubsub) by extensions ['colcon_meta']
[0.720s] Level 1:colcon.colcon_core.package_identification:_identify(/home/logan/ten/src/pubsub) by extension 'colcon_meta'
[0.720s] Level 1:colcon.colcon_core.package_identification:_identify(/home/logan/ten/src/pubsub) by extensions ['ros']
[0.720s] Level 1:colcon.colcon_core.package_identification:_identify(/home/logan/ten/src/pubsub) by extension 'ros'
[0.726s] DEBUG:colcon.colcon_core.package_identification:Package '/home/logan/ten/src/pubsub' with type 'ros.ament_python' and name 'pubsub'
[0.727s] Level 1:colcon.colcon_core.package_discovery:discover_packages(recursive) using defaults
