[0.580s] Invoking command in '/home/logan/ten/build/pubsub': PYTHONPATH=/home/logan/ten/build/pubsub/prefix_override:/usr/lib/python3/dist-packages/colcon_core/task/python/colcon_distutils_commands:/home/logan/ten/install/pubsub/lib/python3.10/site-packages:${PYTHONPATH} /usr/bin/python3 -W ignore:setup.py install is deprecated setup.py develop --uninstall --editable --build-directory /home/logan/ten/build/pubsub/build
[0.840s] running develop
[0.840s] /usr/lib/python3/dist-packages/setuptools/command/easy_install.py:158: EasyInstallDeprecationWarning: easy_install command is deprecated. Use build and pip and other standards-based tools.
[0.840s]   warnings.warn(
[0.987s] Removing /home/logan/ten/install/pubsub/lib/python3.10/site-packages/pubsub.egg-link (link to .)
[1.012s] Invoked command in '/home/logan/ten/build/pubsub' returned '0': PYTHONPATH=/home/logan/ten/build/pubsub/prefix_override:/usr/lib/python3/dist-packages/colcon_core/task/python/colcon_distutils_commands:/home/logan/ten/install/pubsub/lib/python3.10/site-packages:${PYTHONPATH} /usr/bin/python3 -W ignore:setup.py install is deprecated setup.py develop --uninstall --editable --build-directory /home/logan/ten/build/pubsub/build
[1.014s] Invoking command in '/home/logan/ten/src/pubsub': PYTHONPATH=/home/logan/ten/build/pubsub/prefix_override:/usr/lib/python3/dist-packages/colcon_core/task/python/colcon_distutils_commands:/home/logan/ten/install/pubsub/lib/python3.10/site-packages:${PYTHONPATH} /usr/bin/python3 -W ignore:setup.py install is deprecated setup.py egg_info --egg-base ../../build/pubsub build --build-base /home/logan/ten/build/pubsub/build install --record /home/logan/ten/build/pubsub/install.log --single-version-externally-managed install_data --force
[1.233s] running egg_info
[1.234s] writing ../../build/pubsub/pubsub.egg-info/PKG-INFO
[1.234s] writing dependency_links to ../../build/pubsub/pubsub.egg-info/dependency_links.txt
[1.235s] writing entry points to ../../build/pubsub/pubsub.egg-info/entry_points.txt
[1.235s] writing requirements to ../../build/pubsub/pubsub.egg-info/requires.txt
[1.235s] writing top-level names to ../../build/pubsub/pubsub.egg-info/top_level.txt
[1.236s] reading manifest file '../../build/pubsub/pubsub.egg-info/SOURCES.txt'
[1.237s] adding license file 'LICENSE'
[1.237s] writing manifest file '../../build/pubsub/pubsub.egg-info/SOURCES.txt'
[1.237s] running build
[1.237s] running build_py
[1.237s] copying pubsub/publisher_node.py -> /home/logan/ten/build/pubsub/build/lib/pubsub
[1.238s] running install
[1.238s] running install_lib
[1.239s] creating /home/logan/ten/install/pubsub/lib/python3.10/site-packages/pubsub
[1.239s] copying /home/logan/ten/build/pubsub/build/lib/pubsub/publisher_node.py -> /home/logan/ten/install/pubsub/lib/python3.10/site-packages/pubsub
[1.239s] copying /home/logan/ten/build/pubsub/build/lib/pubsub/subscriber_node.py -> /home/logan/ten/install/pubsub/lib/python3.10/site-packages/pubsub
[1.239s] copying /home/logan/ten/build/pubsub/build/lib/pubsub/__init__.py -> /home/logan/ten/install/pubsub/lib/python3.10/site-packages/pubsub
[1.240s] byte-compiling /home/logan/ten/install/pubsub/lib/python3.10/site-packages/pubsub/publisher_node.py to publisher_node.cpython-310.pyc
[1.240s] byte-compiling /home/logan/ten/install/pubsub/lib/python3.10/site-packages/pubsub/subscriber_node.py to subscriber_node.cpython-310.pyc
[1.241s] byte-compiling /home/logan/ten/install/pubsub/lib/python3.10/site-packages/pubsub/__init__.py to __init__.cpython-310.pyc
[1.242s] running install_data
[1.242s] copying resource/pubsub -> /home/logan/ten/install/pubsub/share/ament_index/resource_index/packages
[1.242s] copying package.xml -> /home/logan/ten/install/pubsub/share/pubsub
[1.242s] running install_egg_info
[1.244s] Copying ../../build/pubsub/pubsub.egg-info to /home/logan/ten/install/pubsub/lib/python3.10/site-packages/pubsub-0.0.0-py3.10.egg-info
[1.245s] running install_scripts
[1.263s] Installing listener script to /home/logan/ten/install/pubsub/lib/pubsub
[1.264s] Installing talker script to /home/logan/ten/install/pubsub/lib/pubsub
[1.264s] writing list of installed files to '/home/logan/ten/build/pubsub/install.log'
[1.290s] Invoked command in '/home/logan/ten/src/pubsub' returned '0': PYTHONPATH=/home/logan/ten/build/pubsub/prefix_override:/usr/lib/python3/dist-packages/colcon_core/task/python/colcon_distutils_commands:/home/logan/ten/install/pubsub/lib/python3.10/site-packages:${PYTHONPATH} /usr/bin/python3 -W ignore:setup.py install is deprecated setup.py egg_info --egg-base ../../build/pubsub build --build-base /home/logan/ten/build/pubsub/build install --record /home/logan/ten/build/pubsub/install.log --single-version-externally-managed install_data --force
