[1.105s] Invoking command in '/home/logan/ten_ws/build/pubsub': PYTHONPATH=/home/logan/ten_ws/build/pubsub/prefix_override:/usr/lib/python3/dist-packages/colcon_core/task/python/colcon_distutils_commands:/home/logan/ten_ws/install/pubsub/lib/python3.10/site-packages:${PYTHONPATH} /usr/bin/python3 -W ignore:setup.py install is deprecated setup.py develop --uninstall --editable --build-directory /home/logan/ten_ws/build/pubsub/build
[1.385s] running develop
[1.389s] /usr/lib/python3/dist-packages/setuptools/command/easy_install.py:158: EasyInstallDeprecationWarning: easy_install command is deprecated. Use build and pip and other standards-based tools.
[1.389s]   warnings.warn(
[1.546s] Removing /home/logan/ten_ws/install/pubsub/lib/python3.10/site-packages/pubsub.egg-link (link to .)
[1.585s] Invoked command in '/home/logan/ten_ws/build/pubsub' returned '0': PYTHONPATH=/home/logan/ten_ws/build/pubsub/prefix_override:/usr/lib/python3/dist-packages/colcon_core/task/python/colcon_distutils_commands:/home/logan/ten_ws/install/pubsub/lib/python3.10/site-packages:${PYTHONPATH} /usr/bin/python3 -W ignore:setup.py install is deprecated setup.py develop --uninstall --editable --build-directory /home/logan/ten_ws/build/pubsub/build
[1.588s] Invoking command in '/home/logan/ten_ws/src/pubsub': PYTHONPATH=/home/logan/ten_ws/build/pubsub/prefix_override:/usr/lib/python3/dist-packages/colcon_core/task/python/colcon_distutils_commands:/home/logan/ten_ws/install/pubsub/lib/python3.10/site-packages:${PYTHONPATH} /usr/bin/python3 -W ignore:setup.py install is deprecated setup.py egg_info --egg-base ../../build/pubsub build --build-base /home/logan/ten_ws/build/pubsub/build install --record /home/logan/ten_ws/build/pubsub/install.log --single-version-externally-managed install_data --force
[1.809s] running egg_info
[1.810s] writing ../../build/pubsub/pubsub.egg-info/PKG-INFO
[1.811s] writing dependency_links to ../../build/pubsub/pubsub.egg-info/dependency_links.txt
[1.812s] writing entry points to ../../build/pubsub/pubsub.egg-info/entry_points.txt
[1.812s] writing requirements to ../../build/pubsub/pubsub.egg-info/requires.txt
[1.812s] writing top-level names to ../../build/pubsub/pubsub.egg-info/top_level.txt
[1.813s] reading manifest file '../../build/pubsub/pubsub.egg-info/SOURCES.txt'
[1.814s] adding license file 'LICENSE'
[1.815s] writing manifest file '../../build/pubsub/pubsub.egg-info/SOURCES.txt'
[1.815s] running build
[1.815s] running build_py
[1.815s] running install
[1.815s] running install_lib
[1.816s] creating /home/logan/ten_ws/install/pubsub/lib/python3.10/site-packages/pubsub
[1.817s] copying /home/logan/ten_ws/build/pubsub/build/lib/pubsub/publisher_node.py -> /home/logan/ten_ws/install/pubsub/lib/python3.10/site-packages/pubsub
[1.817s] copying /home/logan/ten_ws/build/pubsub/build/lib/pubsub/subscriber_node.py -> /home/logan/ten_ws/install/pubsub/lib/python3.10/site-packages/pubsub
[1.817s] copying /home/logan/ten_ws/build/pubsub/build/lib/pubsub/__init__.py -> /home/logan/ten_ws/install/pubsub/lib/python3.10/site-packages/pubsub
[1.818s] byte-compiling /home/logan/ten_ws/install/pubsub/lib/python3.10/site-packages/pubsub/publisher_node.py to publisher_node.cpython-310.pyc
[1.818s] byte-compiling /home/logan/ten_ws/install/pubsub/lib/python3.10/site-packages/pubsub/subscriber_node.py to subscriber_node.cpython-310.pyc
[1.819s] byte-compiling /home/logan/ten_ws/install/pubsub/lib/python3.10/site-packages/pubsub/__init__.py to __init__.cpython-310.pyc
[1.819s] running install_data
[1.819s] copying resource/pubsub -> /home/logan/ten_ws/install/pubsub/share/ament_index/resource_index/packages
[1.819s] copying package.xml -> /home/logan/ten_ws/install/pubsub/share/pubsub
[1.819s] running install_egg_info
[1.820s] Copying ../../build/pubsub/pubsub.egg-info to /home/logan/ten_ws/install/pubsub/lib/python3.10/site-packages/pubsub-0.0.0-py3.10.egg-info
[1.821s] running install_scripts
[1.842s] Installing listener script to /home/logan/ten_ws/install/pubsub/lib/pubsub
[1.842s] Installing talker script to /home/logan/ten_ws/install/pubsub/lib/pubsub
[1.843s] writing list of installed files to '/home/logan/ten_ws/build/pubsub/install.log'
[1.898s] Invoked command in '/home/logan/ten_ws/src/pubsub' returned '0': PYTHONPATH=/home/logan/ten_ws/build/pubsub/prefix_override:/usr/lib/python3/dist-packages/colcon_core/task/python/colcon_distutils_commands:/home/logan/ten_ws/install/pubsub/lib/python3.10/site-packages:${PYTHONPATH} /usr/bin/python3 -W ignore:setup.py install is deprecated setup.py egg_info --egg-base ../../build/pubsub build --build-base /home/logan/ten_ws/build/pubsub/build install --record /home/logan/ten_ws/build/pubsub/install.log --single-version-externally-managed install_data --force
