[0.946s] Invoking command in '/home/logan/ten_ws/src/turtle_follower': PYTHONPATH=/home/logan/ten_ws/build/turtle_follower/prefix_override:/usr/lib/python3/dist-packages/colcon_core/task/python/colcon_distutils_commands:/home/logan/ten_ws/install/turtle_follower/lib/python3.10/site-packages:${PYTHONPATH} /usr/bin/python3 -W ignore:setup.py install is deprecated setup.py egg_info --egg-base ../../build/turtle_follower build --build-base /home/logan/ten_ws/build/turtle_follower/build install --record /home/logan/ten_ws/build/turtle_follower/install.log --single-version-externally-managed install_data
[1.188s] running egg_info
[1.189s] writing ../../build/turtle_follower/turtle_follower.egg-info/PKG-INFO
[1.189s] writing dependency_links to ../../build/turtle_follower/turtle_follower.egg-info/dependency_links.txt
[1.190s] writing entry points to ../../build/turtle_follower/turtle_follower.egg-info/entry_points.txt
[1.190s] writing requirements to ../../build/turtle_follower/turtle_follower.egg-info/requires.txt
[1.190s] writing top-level names to ../../build/turtle_follower/turtle_follower.egg-info/top_level.txt
[1.192s] reading manifest file '../../build/turtle_follower/turtle_follower.egg-info/SOURCES.txt'
[1.192s] adding license file 'LICENSE'
[1.193s] writing manifest file '../../build/turtle_follower/turtle_follower.egg-info/SOURCES.txt'
[1.193s] running build
[1.193s] running build_py
[1.193s] running install
[1.193s] running install_lib
[1.195s] running install_data
[1.195s] running install_egg_info
[1.197s] removing '/home/logan/ten_ws/install/turtle_follower/lib/python3.10/site-packages/turtle_follower-0.0.0-py3.10.egg-info' (and everything under it)
[1.197s] Copying ../../build/turtle_follower/turtle_follower.egg-info to /home/logan/ten_ws/install/turtle_follower/lib/python3.10/site-packages/turtle_follower-0.0.0-py3.10.egg-info
[1.198s] running install_scripts
[1.219s] Installing mover script to /home/logan/ten_ws/install/turtle_follower/lib/turtle_follower
[1.220s] writing list of installed files to '/home/logan/ten_ws/build/turtle_follower/install.log'
[1.255s] Invoked command in '/home/logan/ten_ws/src/turtle_follower' returned '0': PYTHONPATH=/home/logan/ten_ws/build/turtle_follower/prefix_override:/usr/lib/python3/dist-packages/colcon_core/task/python/colcon_distutils_commands:/home/logan/ten_ws/install/turtle_follower/lib/python3.10/site-packages:${PYTHONPATH} /usr/bin/python3 -W ignore:setup.py install is deprecated setup.py egg_info --egg-base ../../build/turtle_follower build --build-base /home/logan/ten_ws/build/turtle_follower/build install --record /home/logan/ten_ws/build/turtle_follower/install.log --single-version-externally-managed install_data
