[0.906s] Invoking command in '/home/logan/ten_ws/build/pubsub': PYTHONPATH=/home/logan/ten_ws/build/pubsub/prefix_override:/usr/lib/python3/dist-packages/colcon_core/task/python/colcon_distutils_commands:/home/logan/ten_ws/install/pubsub/lib/python3.10/site-packages:${PYTHONPATH} /usr/bin/python3 -W ignore:setup.py install is deprecated setup.py develop --editable --build-directory /home/logan/ten_ws/build/pubsub/build --no-deps symlink_data --force
[1.163s] running develop
[1.165s] /usr/lib/python3/dist-packages/setuptools/command/easy_install.py:158: EasyInstallDeprecationWarning: easy_install command is deprecated. Use build and pip and other standards-based tools.
[1.165s]   warnings.warn(
[1.315s] running egg_info
[1.315s] writing pubsub.egg-info/PKG-INFO
[1.315s] writing dependency_links to pubsub.egg-info/dependency_links.txt
[1.316s] writing entry points to pubsub.egg-info/entry_points.txt
[1.316s] writing requirements to pubsub.egg-info/requires.txt
[1.316s] writing top-level names to pubsub.egg-info/top_level.txt
[1.317s] reading manifest file 'pubsub.egg-info/SOURCES.txt'
[1.318s] writing manifest file 'pubsub.egg-info/SOURCES.txt'
[1.319s] running build_ext
[1.320s] Creating /home/logan/ten_ws/install/pubsub/lib/python3.10/site-packages/pubsub.egg-link (link to .)
[1.320s] Installing listener script to /home/logan/ten_ws/install/pubsub/lib/pubsub
[1.321s] Installing talker script to /home/logan/ten_ws/install/pubsub/lib/pubsub
[1.322s] 
[1.322s] Installed /home/logan/ten_ws/build/pubsub
[1.322s] running symlink_data
[1.322s] symbolically linking /home/logan/ten_ws/build/pubsub/resource/pubsub -> /home/logan/ten_ws/install/pubsub/share/ament_index/resource_index/packages
[1.323s] symbolically linking /home/logan/ten_ws/build/pubsub/package.xml -> /home/logan/ten_ws/install/pubsub/share/pubsub
[1.357s] Invoked command in '/home/logan/ten_ws/build/pubsub' returned '0': PYTHONPATH=/home/logan/ten_ws/build/pubsub/prefix_override:/usr/lib/python3/dist-packages/colcon_core/task/python/colcon_distutils_commands:/home/logan/ten_ws/install/pubsub/lib/python3.10/site-packages:${PYTHONPATH} /usr/bin/python3 -W ignore:setup.py install is deprecated setup.py develop --editable --build-directory /home/logan/ten_ws/build/pubsub/build --no-deps symlink_data --force
